[ 2018-05-25T16:06:48+08:00 ] 127.0.0.1 /favicon.ico
INFO: [ app_init ] --START--
INFO: Run Behavior\BuildLiteBehavior [ RunTime:0.000040s ]
INFO: [ app_init ] --END-- [ RunTime:0.019178s ]
ERR: 无法加载模块:Favicon

[ 2018-05-25T16:06:48+08:00 ] 127.0.0.1 /favicon.ico
INFO: [ app_init ] --START--
INFO: Run Behavior\BuildLiteBehavior [ RunTime:0.000044s ]
INFO: [ app_init ] --END-- [ RunTime:0.001511s ]
ERR: 无法加载模块:Favicon

[ 2018-05-25T16:06:50+08:00 ] 127.0.0.1 /favicon.ico
INFO: [ app_init ] --START--
INFO: Run Behavior\BuildLiteBehavior [ RunTime:0.000024s ]
INFO: [ app_init ] --END-- [ RunTime:0.000805s ]
ERR: 无法加载模块:Favicon

[ 2018-05-25T19:11:48+08:00 ] 127.0.0.1 /Public/Admin/plugin/ue/lang/zh-ch/zh-ch.js
INFO: [ app_init ] --START--
INFO: Run Behavior\BuildLiteBehavior [ RunTime:0.000025s ]
INFO: [ app_init ] --END-- [ RunTime:0.000927s ]
ERR: 无法加载模块:Public

[ 2018-05-25T19:12:38+08:00 ] 127.0.0.1 /Public/Admin/plugin/ue/lang/zh-ch/zh-ch.js
INFO: [ app_init ] --START--
INFO: Run Behavior\BuildLiteBehavior [ RunTime:0.000023s ]
INFO: [ app_init ] --END-- [ RunTime:0.000933s ]
ERR: 无法加载模块:Public

[ 2018-05-25T19:15:38+08:00 ] 127.0.0.1 /Public/Admin/plugin/ue/lang/zh-ch/zh-ch.js
INFO: [ app_init ] --START--
INFO: Run Behavior\BuildLiteBehavior [ RunTime:0.000023s ]
INFO: [ app_init ] --END-- [ RunTime:0.000863s ]
ERR: 无法加载模块:Public

[ 2018-05-25T19:15:38+08:00 ] 127.0.0.1 /Public/Admin/plugin/ue/lang/zh-ch/zh-ch.js
INFO: [ app_init ] --START--
INFO: Run Behavior\BuildLiteBehavior [ RunTime:0.000024s ]
INFO: [ app_init ] --END-- [ RunTime:0.000844s ]
ERR: 无法加载模块:Public

[ 2018-05-25T19:16:20+08:00 ] 127.0.0.1 /Public/Admin/plugin/ue/lang/zh-ch/zh-ch.js
INFO: [ app_init ] --START--
INFO: Run Behavior\BuildLiteBehavior [ RunTime:0.000033s ]
INFO: [ app_init ] --END-- [ RunTime:0.000819s ]
ERR: 无法加载模块:Public

[ 2018-05-25T19:17:08+08:00 ] 127.0.0.1 /Public/Admin/plugin/ue/lang/zh-ch/zh-ch.js
INFO: [ app_init ] --START--
INFO: Run Behavior\BuildLiteBehavior [ RunTime:0.000023s ]
INFO: [ app_init ] --END-- [ RunTime:0.000849s ]
ERR: 无法加载模块:Public

[ 2018-05-25T19:17:38+08:00 ] 127.0.0.1 /Public/Admin/plugin/ue/lang/zh-ch/zh-ch.js
INFO: [ app_init ] --START--
INFO: Run Behavior\BuildLiteBehavior [ RunTime:0.000023s ]
INFO: [ app_init ] --END-- [ RunTime:0.000815s ]
ERR: 无法加载模块:Public

[ 2018-05-25T19:17:52+08:00 ] 127.0.0.1 /Public/Admin/plugin/ue/lang/zh-ch/zh-ch.js
INFO: [ app_init ] --START--
INFO: Run Behavior\BuildLiteBehavior [ RunTime:0.000025s ]
INFO: [ app_init ] --END-- [ RunTime:0.001045s ]
ERR: 无法加载模块:Public

[ 2018-05-25T19:21:15+08:00 ] 127.0.0.1 /Public/Admin/plugin/ue/lang/zh-ch/zh-ch.js
INFO: [ app_init ] --START--
INFO: Run Behavior\BuildLiteBehavior [ RunTime:0.000023s ]
INFO: [ app_init ] --END-- [ RunTime:0.000910s ]
ERR: 无法加载模块:Public

[ 2018-05-25T19:22:12+08:00 ] 127.0.0.1 /Public/Admin/plugin/ue/lang/zh-ch/zh-ch.js
INFO: [ app_init ] --START--
INFO: Run Behavior\BuildLiteBehavior [ RunTime:0.000024s ]
INFO: [ app_init ] --END-- [ RunTime:0.001277s ]
ERR: 无法加载模块:Public

[ 2018-05-25T19:45:43+08:00 ] 127.0.0.1 /favicon.ico
INFO: [ app_init ] --START--
INFO: Run Behavior\BuildLiteBehavior [ RunTime:0.000025s ]
INFO: [ app_init ] --END-- [ RunTime:0.001176s ]
ERR: 无法加载模块:Favicon

[ 2018-05-25T19:45:43+08:00 ] 127.0.0.1 /favicon.ico
INFO: [ app_init ] --START--
INFO: Run Behavior\BuildLiteBehavior [ RunTime:0.000050s ]
INFO: [ app_init ] --END-- [ RunTime:0.001217s ]
ERR: 无法加载模块:Favicon

[ 2018-05-25T20:02:09+08:00 ] 127.0.0.1 /Public/Admin/plugin/ue/lang/zh-ch/zh-ch.js
INFO: [ app_init ] --START--
INFO: Run Behavior\BuildLiteBehavior [ RunTime:0.000068s ]
INFO: [ app_init ] --END-- [ RunTime:0.001588s ]
ERR: 无法加载模块:Public

[ 2018-05-25T20:04:49+08:00 ] 127.0.0.1 /Public/Admin/plugin/ue/lang/zh-ch/zh-ch.js
INFO: [ app_init ] --START--
INFO: Run Behavior\BuildLiteBehavior [ RunTime:0.000036s ]
INFO: [ app_init ] --END-- [ RunTime:0.000932s ]
ERR: 无法加载模块:Public

[ 2018-05-25T20:05:53+08:00 ] 127.0.0.1 /Public/Admin/plugin/ue/lang/zh-ch/zh-ch.js
INFO: [ app_init ] --START--
INFO: Run Behavior\BuildLiteBehavior [ RunTime:0.000032s ]
INFO: [ app_init ] --END-- [ RunTime:0.000776s ]
ERR: 无法加载模块:Public

[ 2018-05-25T20:08:33+08:00 ] 127.0.0.1 /Public/Admin/plugin/ue/lang/zh-ch/zh-ch.js
INFO: [ app_init ] --START--
INFO: Run Behavior\BuildLiteBehavior [ RunTime:0.000024s ]
INFO: [ app_init ] --END-- [ RunTime:0.000865s ]
ERR: 无法加载模块:Public

[ 2018-05-25T20:09:41+08:00 ] 127.0.0.1 /Public/Admin/plugin/ue/lang/zh-ch/zh-ch.js
INFO: [ app_init ] --START--
INFO: Run Behavior\BuildLiteBehavior [ RunTime:0.000052s ]
INFO: [ app_init ] --END-- [ RunTime:0.000985s ]
ERR: 无法加载模块:Public

[ 2018-05-25T20:10:23+08:00 ] 127.0.0.1 /Public/Admin/plugin/ue/lang/zh-ch/zh-ch.js
INFO: [ app_init ] --START--
INFO: Run Behavior\BuildLiteBehavior [ RunTime:0.000026s ]
INFO: [ app_init ] --END-- [ RunTime:0.000864s ]
ERR: 无法加载模块:Public

[ 2018-05-25T20:14:41+08:00 ] 127.0.0.1 /Public/Admin/plugin/ue/lang/zh-ch/zh-ch.js
INFO: [ app_init ] --START--
INFO: Run Behavior\BuildLiteBehavior [ RunTime:0.000026s ]
INFO: [ app_init ] --END-- [ RunTime:0.001258s ]
ERR: 无法加载模块:Public

