[ 2018-05-26T23:00:29+08:00 ] 127.0.0.1 /admin
INFO: [ app_init ] --START--
INFO: Run Behavior\BuildLiteBehavior [ RunTime:0.000053s ]
INFO: [ app_init ] --END-- [ RunTime:0.001580s ]
INFO: [ app_begin ] --START--
INFO: Run Behavior\ReadHtmlCacheBehavior [ RunTime:0.002034s ]
INFO: [ app_begin ] --END-- [ RunTime:0.002161s ]
INFO: [ view_parse ] --START--
INFO: [ template_filter ] --START--
INFO: Run Behavior\ContentReplaceBehavior [ RunTime:0.000105s ]
INFO: [ template_filter ] --END-- [ RunTime:0.000221s ]
INFO: Run Behavior\ParseTemplateBehavior [ RunTime:0.097798s ]
INFO: [ view_parse ] --END-- [ RunTime:0.097916s ]
INFO: [ view_filter ] --START--
INFO: Run Behavior\WriteHtmlCacheBehavior [ RunTime:0.012317s ]
INFO: [ view_filter ] --END-- [ RunTime:0.012425s ]
INFO: [ app_end ] --START--
INFO: Run Behavior\ShowPageTraceBehavior [ RunTime:0.001697s ]
INFO: [ app_end ] --END-- [ RunTime:0.001795s ]

[ 2018-05-26T23:00:30+08:00 ] 127.0.0.1 /index.php/Admin/Index/home.html
INFO: [ app_init ] --START--
INFO: Run Behavior\BuildLiteBehavior [ RunTime:0.000071s ]
INFO: [ app_init ] --END-- [ RunTime:0.001937s ]
INFO: [ app_begin ] --START--
INFO: Run Behavior\ReadHtmlCacheBehavior [ RunTime:0.001427s ]
INFO: [ app_begin ] --END-- [ RunTime:0.001633s ]
INFO: [ view_parse ] --START--
INFO: [ template_filter ] --START--
INFO: Run Behavior\ContentReplaceBehavior [ RunTime:0.000315s ]
INFO: [ template_filter ] --END-- [ RunTime:0.000548s ]
INFO: Run Behavior\ParseTemplateBehavior [ RunTime:0.094749s ]
INFO: [ view_parse ] --END-- [ RunTime:0.095004s ]
INFO: [ view_filter ] --START--
INFO: Run Behavior\WriteHtmlCacheBehavior [ RunTime:0.001461s ]
INFO: [ view_filter ] --END-- [ RunTime:0.001572s ]
INFO: [ app_end ] --START--
INFO: Run Behavior\ShowPageTraceBehavior [ RunTime:0.005294s ]
INFO: [ app_end ] --END-- [ RunTime:0.005847s ]

[ 2018-05-26T23:00:33+08:00 ] 127.0.0.1 /index.php/Admin/Doc/showList.html
INFO: [ app_init ] --START--
INFO: Run Behavior\BuildLiteBehavior [ RunTime:0.000022s ]
INFO: [ app_init ] --END-- [ RunTime:0.000920s ]
INFO: [ app_begin ] --START--
INFO: Run Behavior\ReadHtmlCacheBehavior [ RunTime:0.001032s ]
INFO: [ app_begin ] --END-- [ RunTime:0.001154s ]
SQL: SHOW COLUMNS FROM `oa_doc` [ RunTime:0.0025s ]
SQL: SELECT * FROM `oa_doc`  [ RunTime:0.0004s ]
NOTIC: [8] Use of undefined constant data - assumed 'data' D:\wamp64\www\0516\Application\Admin\Controller\DocController.class.php 第 24 行.
INFO: [ view_parse ] --START--
INFO: [ template_filter ] --START--
INFO: Run Behavior\ContentReplaceBehavior [ RunTime:0.000094s ]
INFO: [ template_filter ] --END-- [ RunTime:0.000200s ]
NOTIC: [8] Undefined variable: page D:\wamp64\www\0516\Application\Runtime\Cache\Admin\2c38740596d6894476ac56ac9534de93.php 第 98 行.
NOTIC: [8] Undefined variable: count D:\wamp64\www\0516\Application\Runtime\Cache\Admin\2c38740596d6894476ac56ac9534de93.php 第 100 行.
INFO: Run Behavior\ParseTemplateBehavior [ RunTime:0.054680s ]
INFO: [ view_parse ] --END-- [ RunTime:0.054790s ]
INFO: [ view_filter ] --START--
INFO: Run Behavior\WriteHtmlCacheBehavior [ RunTime:0.001422s ]
INFO: [ view_filter ] --END-- [ RunTime:0.001530s ]
INFO: [ app_end ] --START--
INFO: Run Behavior\ShowPageTraceBehavior [ RunTime:0.000946s ]
INFO: [ app_end ] --END-- [ RunTime:0.001042s ]

[ 2018-05-26T23:00:36+08:00 ] 127.0.0.1 /index.php/Admin/Doc/Download/id/8
INFO: [ app_init ] --START--
INFO: Run Behavior\BuildLiteBehavior [ RunTime:0.000023s ]
INFO: [ app_init ] --END-- [ RunTime:0.000797s ]
INFO: [ app_begin ] --START--
INFO: Run Behavior\ReadHtmlCacheBehavior [ RunTime:0.001195s ]
INFO: [ app_begin ] --END-- [ RunTime:0.001317s ]
ERR: 非法操作:Download

[ 2018-05-26T23:01:52+08:00 ] 127.0.0.1 /index.php/Admin/Doc/Download/id/8
INFO: [ app_init ] --START--
INFO: Run Behavior\BuildLiteBehavior [ RunTime:0.000025s ]
INFO: [ app_init ] --END-- [ RunTime:0.001046s ]
INFO: [ app_begin ] --START--
INFO: Run Behavior\ReadHtmlCacheBehavior [ RunTime:0.001839s ]
INFO: [ app_begin ] --END-- [ RunTime:0.001958s ]
INFO: [ app_end ] --START--
INFO: Run Behavior\ShowPageTraceBehavior [ RunTime:0.001760s ]
INFO: [ app_end ] --END-- [ RunTime:0.001865s ]

[ 2018-05-26T23:02:20+08:00 ] 127.0.0.1 /admin
INFO: [ app_init ] --START--
INFO: Run Behavior\BuildLiteBehavior [ RunTime:0.000023s ]
INFO: [ app_init ] --END-- [ RunTime:0.000927s ]
INFO: [ app_begin ] --START--
INFO: Run Behavior\ReadHtmlCacheBehavior [ RunTime:0.002126s ]
INFO: [ app_begin ] --END-- [ RunTime:0.002247s ]
INFO: [ view_parse ] --START--
INFO: [ template_filter ] --START--
INFO: Run Behavior\ContentReplaceBehavior [ RunTime:0.000163s ]
INFO: [ template_filter ] --END-- [ RunTime:0.000275s ]
INFO: Run Behavior\ParseTemplateBehavior [ RunTime:0.016882s ]
INFO: [ view_parse ] --END-- [ RunTime:0.017077s ]
INFO: [ view_filter ] --START--
INFO: Run Behavior\WriteHtmlCacheBehavior [ RunTime:0.001585s ]
INFO: [ view_filter ] --END-- [ RunTime:0.001723s ]
INFO: [ app_end ] --START--
INFO: Run Behavior\ShowPageTraceBehavior [ RunTime:0.001741s ]
INFO: [ app_end ] --END-- [ RunTime:0.001903s ]

[ 2018-05-26T23:02:21+08:00 ] 127.0.0.1 /index.php/Admin/Index/home.html
INFO: [ app_init ] --START--
INFO: Run Behavior\BuildLiteBehavior [ RunTime:0.000036s ]
INFO: [ app_init ] --END-- [ RunTime:0.001149s ]
INFO: [ app_begin ] --START--
INFO: Run Behavior\ReadHtmlCacheBehavior [ RunTime:0.003643s ]
INFO: [ app_begin ] --END-- [ RunTime:0.003804s ]
INFO: [ view_parse ] --START--
INFO: [ template_filter ] --START--
INFO: Run Behavior\ContentReplaceBehavior [ RunTime:0.000251s ]
INFO: [ template_filter ] --END-- [ RunTime:0.000419s ]
INFO: Run Behavior\ParseTemplateBehavior [ RunTime:0.070504s ]
INFO: [ view_parse ] --END-- [ RunTime:0.070705s ]
INFO: [ view_filter ] --START--
INFO: Run Behavior\WriteHtmlCacheBehavior [ RunTime:0.001487s ]
INFO: [ view_filter ] --END-- [ RunTime:0.001591s ]
INFO: [ app_end ] --START--
INFO: Run Behavior\ShowPageTraceBehavior [ RunTime:0.002981s ]
INFO: [ app_end ] --END-- [ RunTime:0.003365s ]

[ 2018-05-26T23:02:22+08:00 ] 127.0.0.1 /index.php/Admin/Doc/showList.html
INFO: [ app_init ] --START--
INFO: Run Behavior\BuildLiteBehavior [ RunTime:0.000023s ]
INFO: [ app_init ] --END-- [ RunTime:0.000917s ]
INFO: [ app_begin ] --START--
INFO: Run Behavior\ReadHtmlCacheBehavior [ RunTime:0.001741s ]
INFO: [ app_begin ] --END-- [ RunTime:0.001850s ]
SQL: SHOW COLUMNS FROM `oa_doc` [ RunTime:0.0011s ]
SQL: SELECT * FROM `oa_doc`  [ RunTime:0.0004s ]
NOTIC: [8] Use of undefined constant data - assumed 'data' D:\wamp64\www\0516\Application\Admin\Controller\DocController.class.php 第 24 行.
INFO: [ view_parse ] --START--
INFO: [ template_filter ] --START--
INFO: Run Behavior\ContentReplaceBehavior [ RunTime:0.000103s ]
INFO: [ template_filter ] --END-- [ RunTime:0.000204s ]
NOTIC: [8] Undefined variable: page D:\wamp64\www\0516\Application\Runtime\Cache\Admin\2c38740596d6894476ac56ac9534de93.php 第 98 行.
NOTIC: [8] Undefined variable: count D:\wamp64\www\0516\Application\Runtime\Cache\Admin\2c38740596d6894476ac56ac9534de93.php 第 100 行.
INFO: Run Behavior\ParseTemplateBehavior [ RunTime:0.046153s ]
INFO: [ view_parse ] --END-- [ RunTime:0.046259s ]
INFO: [ view_filter ] --START--
INFO: Run Behavior\WriteHtmlCacheBehavior [ RunTime:0.001575s ]
INFO: [ view_filter ] --END-- [ RunTime:0.001677s ]
INFO: [ app_end ] --START--
INFO: Run Behavior\ShowPageTraceBehavior [ RunTime:0.001724s ]
INFO: [ app_end ] --END-- [ RunTime:0.001826s ]

[ 2018-05-26T23:02:23+08:00 ] 127.0.0.1 /index.php/Admin/Doc/download/id/8
INFO: [ app_init ] --START--
INFO: Run Behavior\BuildLiteBehavior [ RunTime:0.000037s ]
INFO: [ app_init ] --END-- [ RunTime:0.001814s ]
INFO: [ app_begin ] --START--
INFO: Run Behavior\ReadHtmlCacheBehavior [ RunTime:0.002061s ]
INFO: [ app_begin ] --END-- [ RunTime:0.002239s ]
INFO: [ app_end ] --START--
INFO: Run Behavior\ShowPageTraceBehavior [ RunTime:0.001933s ]
INFO: [ app_end ] --END-- [ RunTime:0.002087s ]

[ 2018-05-26T23:05:50+08:00 ] 127.0.0.1 /index.php/Admin/Doc/showList.html
INFO: [ app_init ] --START--
INFO: Run Behavior\BuildLiteBehavior [ RunTime:0.000022s ]
INFO: [ app_init ] --END-- [ RunTime:0.000890s ]
INFO: [ app_begin ] --START--
INFO: Run Behavior\ReadHtmlCacheBehavior [ RunTime:0.001230s ]
INFO: [ app_begin ] --END-- [ RunTime:0.001341s ]
SQL: SHOW COLUMNS FROM `oa_doc` [ RunTime:0.0011s ]
SQL: SELECT * FROM `oa_doc`  [ RunTime:0.0004s ]
NOTIC: [8] Use of undefined constant data - assumed 'data' D:\wamp64\www\0516\Application\Admin\Controller\DocController.class.php 第 28 行.
INFO: [ view_parse ] --START--
INFO: [ template_filter ] --START--
INFO: Run Behavior\ContentReplaceBehavior [ RunTime:0.000105s ]
INFO: [ template_filter ] --END-- [ RunTime:0.000211s ]
NOTIC: [8] Undefined variable: page D:\wamp64\www\0516\Application\Runtime\Cache\Admin\2c38740596d6894476ac56ac9534de93.php 第 98 行.
NOTIC: [8] Undefined variable: count D:\wamp64\www\0516\Application\Runtime\Cache\Admin\2c38740596d6894476ac56ac9534de93.php 第 100 行.
INFO: Run Behavior\ParseTemplateBehavior [ RunTime:0.021376s ]
INFO: [ view_parse ] --END-- [ RunTime:0.021487s ]
INFO: [ view_filter ] --START--
INFO: Run Behavior\WriteHtmlCacheBehavior [ RunTime:0.001222s ]
INFO: [ view_filter ] --END-- [ RunTime:0.001323s ]
INFO: [ app_end ] --START--
INFO: Run Behavior\ShowPageTraceBehavior [ RunTime:0.001727s ]
INFO: [ app_end ] --END-- [ RunTime:0.001931s ]

[ 2018-05-26T23:05:51+08:00 ] 127.0.0.1 /index.php/Admin/Doc/download/id/8
INFO: [ app_init ] --START--
INFO: Run Behavior\BuildLiteBehavior [ RunTime:0.000027s ]
INFO: [ app_init ] --END-- [ RunTime:0.001393s ]
INFO: [ app_begin ] --START--
INFO: Run Behavior\ReadHtmlCacheBehavior [ RunTime:0.001068s ]
INFO: [ app_begin ] --END-- [ RunTime:0.001182s ]
SQL: SHOW COLUMNS FROM `oa_doc` [ RunTime:0.0009s ]
SQL: SELECT * FROM `oa_doc` WHERE `id` = 8 LIMIT 1   [ RunTime:0.0004s ]
NOTIC: [8] Use of undefined constant filepath - assumed 'filepath' D:\wamp64\www\0516\Application\Admin\Controller\DocController.class.php 第 37 行.

[ 2018-05-26T23:06:02+08:00 ] 127.0.0.1 /admin
INFO: [ app_init ] --START--
INFO: Run Behavior\BuildLiteBehavior [ RunTime:0.000033s ]
INFO: [ app_init ] --END-- [ RunTime:0.001011s ]
INFO: [ app_begin ] --START--
INFO: Run Behavior\ReadHtmlCacheBehavior [ RunTime:0.001320s ]
INFO: [ app_begin ] --END-- [ RunTime:0.001523s ]
INFO: [ view_parse ] --START--
INFO: [ template_filter ] --START--
INFO: Run Behavior\ContentReplaceBehavior [ RunTime:0.000102s ]
INFO: [ template_filter ] --END-- [ RunTime:0.000219s ]
INFO: Run Behavior\ParseTemplateBehavior [ RunTime:0.016609s ]
INFO: [ view_parse ] --END-- [ RunTime:0.016735s ]
INFO: [ view_filter ] --START--
INFO: Run Behavior\WriteHtmlCacheBehavior [ RunTime:0.001101s ]
INFO: [ view_filter ] --END-- [ RunTime:0.001208s ]
INFO: [ app_end ] --START--
INFO: Run Behavior\ShowPageTraceBehavior [ RunTime:0.000966s ]
INFO: [ app_end ] --END-- [ RunTime:0.001068s ]

[ 2018-05-26T23:06:03+08:00 ] 127.0.0.1 /index.php/Admin/Index/home.html
INFO: [ app_init ] --START--
INFO: Run Behavior\BuildLiteBehavior [ RunTime:0.000091s ]
INFO: [ app_init ] --END-- [ RunTime:0.002913s ]
INFO: [ app_begin ] --START--
INFO: Run Behavior\ReadHtmlCacheBehavior [ RunTime:0.001455s ]
INFO: [ app_begin ] --END-- [ RunTime:0.001586s ]
INFO: [ view_parse ] --START--
INFO: [ template_filter ] --START--
INFO: Run Behavior\ContentReplaceBehavior [ RunTime:0.000242s ]
INFO: [ template_filter ] --END-- [ RunTime:0.000485s ]
INFO: Run Behavior\ParseTemplateBehavior [ RunTime:0.068821s ]
INFO: [ view_parse ] --END-- [ RunTime:0.069019s ]
INFO: [ view_filter ] --START--
INFO: Run Behavior\WriteHtmlCacheBehavior [ RunTime:0.001224s ]
INFO: [ view_filter ] --END-- [ RunTime:0.001375s ]
INFO: [ app_end ] --START--
INFO: Run Behavior\ShowPageTraceBehavior [ RunTime:0.001194s ]
INFO: [ app_end ] --END-- [ RunTime:0.001331s ]

[ 2018-05-26T23:06:04+08:00 ] 127.0.0.1 /index.php/Admin/Doc/showList.html
INFO: [ app_init ] --START--
INFO: Run Behavior\BuildLiteBehavior [ RunTime:0.000022s ]
INFO: [ app_init ] --END-- [ RunTime:0.000803s ]
INFO: [ app_begin ] --START--
INFO: Run Behavior\ReadHtmlCacheBehavior [ RunTime:0.001080s ]
INFO: [ app_begin ] --END-- [ RunTime:0.001183s ]
SQL: SHOW COLUMNS FROM `oa_doc` [ RunTime:0.0007s ]
SQL: SELECT * FROM `oa_doc`  [ RunTime:0.0004s ]
NOTIC: [8] Use of undefined constant data - assumed 'data' D:\wamp64\www\0516\Application\Admin\Controller\DocController.class.php 第 28 行.
INFO: [ view_parse ] --START--
INFO: [ template_filter ] --START--
INFO: Run Behavior\ContentReplaceBehavior [ RunTime:0.000101s ]
INFO: [ template_filter ] --END-- [ RunTime:0.000280s ]
NOTIC: [8] Undefined variable: page D:\wamp64\www\0516\Application\Runtime\Cache\Admin\2c38740596d6894476ac56ac9534de93.php 第 98 行.
NOTIC: [8] Undefined variable: count D:\wamp64\www\0516\Application\Runtime\Cache\Admin\2c38740596d6894476ac56ac9534de93.php 第 100 行.
INFO: Run Behavior\ParseTemplateBehavior [ RunTime:0.013421s ]
INFO: [ view_parse ] --END-- [ RunTime:0.013531s ]
INFO: [ view_filter ] --START--
INFO: Run Behavior\WriteHtmlCacheBehavior [ RunTime:0.001180s ]
INFO: [ view_filter ] --END-- [ RunTime:0.001338s ]
INFO: [ app_end ] --START--
INFO: Run Behavior\ShowPageTraceBehavior [ RunTime:0.001000s ]
INFO: [ app_end ] --END-- [ RunTime:0.001153s ]

[ 2018-05-26T23:06:06+08:00 ] 127.0.0.1 /index.php/Admin/Doc/download/id/8
INFO: [ app_init ] --START--
INFO: Run Behavior\BuildLiteBehavior [ RunTime:0.000023s ]
INFO: [ app_init ] --END-- [ RunTime:0.000767s ]
INFO: [ app_begin ] --START--
INFO: Run Behavior\ReadHtmlCacheBehavior [ RunTime:0.001032s ]
INFO: [ app_begin ] --END-- [ RunTime:0.001137s ]
SQL: SHOW COLUMNS FROM `oa_doc` [ RunTime:0.0013s ]
SQL: SELECT * FROM `oa_doc` WHERE `id` = 8 LIMIT 1   [ RunTime:0.0015s ]
NOTIC: [8] Use of undefined constant filepath - assumed 'filepath' D:\wamp64\www\0516\Application\Admin\Controller\DocController.class.php 第 37 行.
INFO: [ app_end ] --START--
INFO: Run Behavior\ShowPageTraceBehavior [ RunTime:0.001467s ]
INFO: [ app_end ] --END-- [ RunTime:0.001679s ]

[ 2018-05-26T23:26:42+08:00 ] 127.0.0.1 /admin
INFO: [ app_init ] --START--
INFO: Run Behavior\BuildLiteBehavior [ RunTime:0.000028s ]
INFO: [ app_init ] --END-- [ RunTime:0.000905s ]
INFO: [ app_begin ] --START--
INFO: Run Behavior\ReadHtmlCacheBehavior [ RunTime:0.001662s ]
INFO: [ app_begin ] --END-- [ RunTime:0.001810s ]
INFO: [ view_parse ] --START--
INFO: [ template_filter ] --START--
INFO: Run Behavior\ContentReplaceBehavior [ RunTime:0.000107s ]
INFO: [ template_filter ] --END-- [ RunTime:0.000215s ]
INFO: Run Behavior\ParseTemplateBehavior [ RunTime:0.028305s ]
INFO: [ view_parse ] --END-- [ RunTime:0.028434s ]
INFO: [ view_filter ] --START--
INFO: Run Behavior\WriteHtmlCacheBehavior [ RunTime:0.004034s ]
INFO: [ view_filter ] --END-- [ RunTime:0.004219s ]
INFO: [ app_end ] --START--
INFO: Run Behavior\ShowPageTraceBehavior [ RunTime:0.002273s ]
INFO: [ app_end ] --END-- [ RunTime:0.002381s ]

[ 2018-05-26T23:26:42+08:00 ] 127.0.0.1 /index.php/Admin/Index/home.html
INFO: [ app_init ] --START--
INFO: Run Behavior\BuildLiteBehavior [ RunTime:0.000026s ]
INFO: [ app_init ] --END-- [ RunTime:0.001000s ]
INFO: [ app_begin ] --START--
INFO: Run Behavior\ReadHtmlCacheBehavior [ RunTime:0.004984s ]
INFO: [ app_begin ] --END-- [ RunTime:0.005256s ]
INFO: [ view_parse ] --START--
INFO: [ template_filter ] --START--
INFO: Run Behavior\ContentReplaceBehavior [ RunTime:0.000265s ]
INFO: [ template_filter ] --END-- [ RunTime:0.000571s ]
INFO: Run Behavior\ParseTemplateBehavior [ RunTime:0.058132s ]
INFO: [ view_parse ] --END-- [ RunTime:0.058407s ]
INFO: [ view_filter ] --START--
INFO: Run Behavior\WriteHtmlCacheBehavior [ RunTime:0.001855s ]
INFO: [ view_filter ] --END-- [ RunTime:0.001977s ]
INFO: [ app_end ] --START--
INFO: Run Behavior\ShowPageTraceBehavior [ RunTime:0.006297s ]
INFO: [ app_end ] --END-- [ RunTime:0.006575s ]

[ 2018-05-26T23:26:44+08:00 ] 127.0.0.1 /index.php/Admin/Doc/showList.html
INFO: [ app_init ] --START--
INFO: Run Behavior\BuildLiteBehavior [ RunTime:0.000024s ]
INFO: [ app_init ] --END-- [ RunTime:0.000943s ]
INFO: [ app_begin ] --START--
INFO: Run Behavior\ReadHtmlCacheBehavior [ RunTime:0.001769s ]
INFO: [ app_begin ] --END-- [ RunTime:0.001877s ]
SQL: SHOW COLUMNS FROM `oa_doc` [ RunTime:0.0011s ]
SQL: SELECT * FROM `oa_doc`  [ RunTime:0.0004s ]
NOTIC: [8] Use of undefined constant data - assumed 'data' D:\wamp64\www\0516\Application\Admin\Controller\DocController.class.php 第 28 行.
INFO: [ view_parse ] --START--
INFO: [ template_filter ] --START--
INFO: Run Behavior\ContentReplaceBehavior [ RunTime:0.000094s ]
INFO: [ template_filter ] --END-- [ RunTime:0.000271s ]
NOTIC: [8] Undefined variable: page D:\wamp64\www\0516\Application\Runtime\Cache\Admin\2c38740596d6894476ac56ac9534de93.php 第 98 行.
NOTIC: [8] Undefined variable: count D:\wamp64\www\0516\Application\Runtime\Cache\Admin\2c38740596d6894476ac56ac9534de93.php 第 100 行.
INFO: Run Behavior\ParseTemplateBehavior [ RunTime:0.046252s ]
INFO: [ view_parse ] --END-- [ RunTime:0.046356s ]
INFO: [ view_filter ] --START--
INFO: Run Behavior\WriteHtmlCacheBehavior [ RunTime:0.001765s ]
INFO: [ view_filter ] --END-- [ RunTime:0.001860s ]
INFO: [ app_end ] --START--
INFO: Run Behavior\ShowPageTraceBehavior [ RunTime:0.002422s ]
INFO: [ app_end ] --END-- [ RunTime:0.002528s ]

[ 2018-05-26T23:32:42+08:00 ] 127.0.0.1 /admin
INFO: [ app_init ] --START--
INFO: Run Behavior\BuildLiteBehavior [ RunTime:0.000027s ]
INFO: [ app_init ] --END-- [ RunTime:0.001731s ]
INFO: [ app_begin ] --START--
INFO: Run Behavior\ReadHtmlCacheBehavior [ RunTime:0.001861s ]
INFO: [ app_begin ] --END-- [ RunTime:0.001986s ]
INFO: [ view_parse ] --START--
INFO: [ template_filter ] --START--
INFO: Run Behavior\ContentReplaceBehavior [ RunTime:0.000093s ]
INFO: [ template_filter ] --END-- [ RunTime:0.000196s ]
INFO: Run Behavior\ParseTemplateBehavior [ RunTime:0.024657s ]
INFO: [ view_parse ] --END-- [ RunTime:0.024798s ]
INFO: [ view_filter ] --START--
INFO: Run Behavior\WriteHtmlCacheBehavior [ RunTime:0.001595s ]
INFO: [ view_filter ] --END-- [ RunTime:0.001701s ]
INFO: [ app_end ] --START--
INFO: Run Behavior\ShowPageTraceBehavior [ RunTime:0.001919s ]
INFO: [ app_end ] --END-- [ RunTime:0.002021s ]

[ 2018-05-26T23:32:42+08:00 ] 127.0.0.1 /index.php/Admin/Index/home.html
INFO: [ app_init ] --START--
INFO: Run Behavior\BuildLiteBehavior [ RunTime:0.000025s ]
INFO: [ app_init ] --END-- [ RunTime:0.000857s ]
INFO: [ app_begin ] --START--
INFO: Run Behavior\ReadHtmlCacheBehavior [ RunTime:0.001769s ]
INFO: [ app_begin ] --END-- [ RunTime:0.001924s ]
INFO: [ view_parse ] --START--
INFO: [ template_filter ] --START--
INFO: Run Behavior\ContentReplaceBehavior [ RunTime:0.000163s ]
INFO: [ template_filter ] --END-- [ RunTime:0.000316s ]
INFO: Run Behavior\ParseTemplateBehavior [ RunTime:0.056822s ]
INFO: [ view_parse ] --END-- [ RunTime:0.056958s ]
INFO: [ view_filter ] --START--
INFO: Run Behavior\WriteHtmlCacheBehavior [ RunTime:0.002375s ]
INFO: [ view_filter ] --END-- [ RunTime:0.002543s ]
INFO: [ app_end ] --START--
INFO: Run Behavior\ShowPageTraceBehavior [ RunTime:0.002946s ]
INFO: [ app_end ] --END-- [ RunTime:0.003111s ]

[ 2018-05-26T23:32:44+08:00 ] 127.0.0.1 /index.php/Admin/Doc/showList.html
INFO: [ app_init ] --START--
INFO: Run Behavior\BuildLiteBehavior [ RunTime:0.000021s ]
INFO: [ app_init ] --END-- [ RunTime:0.000938s ]
INFO: [ app_begin ] --START--
INFO: Run Behavior\ReadHtmlCacheBehavior [ RunTime:0.001711s ]
INFO: [ app_begin ] --END-- [ RunTime:0.001815s ]
SQL: SHOW COLUMNS FROM `oa_doc` [ RunTime:0.0009s ]
SQL: SELECT * FROM `oa_doc`  [ RunTime:0.0004s ]
NOTIC: [8] Use of undefined constant data - assumed 'data' D:\wamp64\www\0516\Application\Admin\Controller\DocController.class.php 第 28 行.
INFO: [ view_parse ] --START--
INFO: [ template_filter ] --START--
INFO: Run Behavior\ContentReplaceBehavior [ RunTime:0.000108s ]
INFO: [ template_filter ] --END-- [ RunTime:0.000213s ]
NOTIC: [8] Undefined variable: page D:\wamp64\www\0516\Application\Runtime\Cache\Admin\2c38740596d6894476ac56ac9534de93.php 第 98 行.
NOTIC: [8] Undefined variable: count D:\wamp64\www\0516\Application\Runtime\Cache\Admin\2c38740596d6894476ac56ac9534de93.php 第 100 行.
INFO: Run Behavior\ParseTemplateBehavior [ RunTime:0.045903s ]
INFO: [ view_parse ] --END-- [ RunTime:0.046017s ]
INFO: [ view_filter ] --START--
INFO: Run Behavior\WriteHtmlCacheBehavior [ RunTime:0.001750s ]
INFO: [ view_filter ] --END-- [ RunTime:0.001857s ]
INFO: [ app_end ] --START--
INFO: Run Behavior\ShowPageTraceBehavior [ RunTime:0.001817s ]
INFO: [ app_end ] --END-- [ RunTime:0.001919s ]

[ 2018-05-26T23:32:45+08:00 ] 127.0.0.1 /index.php/Admin/Doc/%3Cp%3Efgdfgdfg%3Cstrong%3Edfg%20dffds%C2%A0%20ddf%E5%8F%91%E4%B8%AA%E6%96%B9%E6%B3%95%E8%B7%9F%3Cimg%20src=
INFO: [ app_init ] --START--
INFO: Run Behavior\BuildLiteBehavior [ RunTime:0.000022s ]
INFO: [ app_init ] --END-- [ RunTime:0.000931s ]
INFO: [ app_begin ] --START--
INFO: Run Behavior\ReadHtmlCacheBehavior [ RunTime:0.002465s ]
INFO: [ app_begin ] --END-- [ RunTime:0.002661s ]
ERR: 非法操作:fgdfgdfgdfg dffds  ddf发个方法跟

[ 2018-05-26T23:33:14+08:00 ] 127.0.0.1 /index.php/Admin/Doc/%3Cp%3Efgdfgdfg%3Cstrong%3Edfg%20dffds%C2%A0%20ddf%E5%8F%91%E4%B8%AA%E6%96%B9%E6%B3%95%E8%B7%9F%3Cimg%20src=
INFO: [ app_init ] --START--
INFO: Run Behavior\BuildLiteBehavior [ RunTime:0.000047s ]
INFO: [ app_init ] --END-- [ RunTime:0.002083s ]
INFO: [ app_begin ] --START--
INFO: Run Behavior\ReadHtmlCacheBehavior [ RunTime:0.002356s ]
INFO: [ app_begin ] --END-- [ RunTime:0.002487s ]
ERR: 非法操作:fgdfgdfgdfg dffds  ddf发个方法跟

[ 2018-05-26T23:33:26+08:00 ] 127.0.0.1 /index.php/Admin/Doc/%3Cp%3Efgdfgdfg%3Cstrong%3Edfg%20dffds%C2%A0%20ddf%E5%8F%91%E4%B8%AA%E6%96%B9%E6%B3%95%E8%B7%9F%3Cimg%20src=
INFO: [ app_init ] --START--
INFO: Run Behavior\BuildLiteBehavior [ RunTime:0.000050s ]
INFO: [ app_init ] --END-- [ RunTime:0.002991s ]
INFO: [ app_begin ] --START--
INFO: Run Behavior\ReadHtmlCacheBehavior [ RunTime:0.002515s ]
INFO: [ app_begin ] --END-- [ RunTime:0.002731s ]
ERR: 非法操作:fgdfgdfgdfg dffds  ddf发个方法跟

[ 2018-05-26T23:33:57+08:00 ] 127.0.0.1 /index.php/Admin/Doc/showList.html
INFO: [ app_init ] --START--
INFO: Run Behavior\BuildLiteBehavior [ RunTime:0.000065s ]
INFO: [ app_init ] --END-- [ RunTime:0.001450s ]
INFO: [ app_begin ] --START--
INFO: Run Behavior\ReadHtmlCacheBehavior [ RunTime:0.002484s ]
INFO: [ app_begin ] --END-- [ RunTime:0.002650s ]
SQL: SHOW COLUMNS FROM `oa_doc` [ RunTime:0.0009s ]
SQL: SELECT * FROM `oa_doc`  [ RunTime:0.0005s ]
NOTIC: [8] Use of undefined constant data - assumed 'data' D:\wamp64\www\0516\Application\Admin\Controller\DocController.class.php 第 28 行.
INFO: [ view_parse ] --START--
INFO: [ template_filter ] --START--
INFO: Run Behavior\ContentReplaceBehavior [ RunTime:0.000138s ]
INFO: [ template_filter ] --END-- [ RunTime:0.000301s ]
NOTIC: [8] Undefined variable: page D:\wamp64\www\0516\Application\Runtime\Cache\Admin\2c38740596d6894476ac56ac9534de93.php 第 98 行.
NOTIC: [8] Undefined variable: count D:\wamp64\www\0516\Application\Runtime\Cache\Admin\2c38740596d6894476ac56ac9534de93.php 第 100 行.
INFO: Run Behavior\ParseTemplateBehavior [ RunTime:0.046132s ]
INFO: [ view_parse ] --END-- [ RunTime:0.046330s ]
INFO: [ view_filter ] --START--
INFO: Run Behavior\WriteHtmlCacheBehavior [ RunTime:0.001486s ]
INFO: [ view_filter ] --END-- [ RunTime:0.001585s ]
INFO: [ app_end ] --START--
INFO: Run Behavior\ShowPageTraceBehavior [ RunTime:0.001596s ]
INFO: [ app_end ] --END-- [ RunTime:0.001696s ]

[ 2018-05-26T23:33:58+08:00 ] 127.0.0.1 /index.php/Admin/Doc/%3Cp%3Efgdfgdfg%3Cstrong%3Edfg%20dffds%C2%A0%20ddf%E5%8F%91%E4%B8%AA%E6%96%B9%E6%B3%95%E8%B7%9F%3Cimg%20src=
INFO: [ app_init ] --START--
INFO: Run Behavior\BuildLiteBehavior [ RunTime:0.000036s ]
INFO: [ app_init ] --END-- [ RunTime:0.002936s ]
INFO: [ app_begin ] --START--
INFO: Run Behavior\ReadHtmlCacheBehavior [ RunTime:0.002629s ]
INFO: [ app_begin ] --END-- [ RunTime:0.002811s ]
ERR: 非法操作:fgdfgdfgdfg dffds  ddf发个方法跟

[ 2018-05-26T23:38:26+08:00 ] 127.0.0.1 /admin
INFO: [ app_init ] --START--
INFO: Run Behavior\BuildLiteBehavior [ RunTime:0.000024s ]
INFO: [ app_init ] --END-- [ RunTime:0.001052s ]
INFO: [ app_begin ] --START--
INFO: Run Behavior\ReadHtmlCacheBehavior [ RunTime:0.002262s ]
INFO: [ app_begin ] --END-- [ RunTime:0.002416s ]
INFO: [ view_parse ] --START--
INFO: [ template_filter ] --START--
INFO: Run Behavior\ContentReplaceBehavior [ RunTime:0.000109s ]
INFO: [ template_filter ] --END-- [ RunTime:0.000217s ]
INFO: Run Behavior\ParseTemplateBehavior [ RunTime:0.016482s ]
INFO: [ view_parse ] --END-- [ RunTime:0.016597s ]
INFO: [ view_filter ] --START--
INFO: Run Behavior\WriteHtmlCacheBehavior [ RunTime:0.001623s ]
INFO: [ view_filter ] --END-- [ RunTime:0.001718s ]
INFO: [ app_end ] --START--
INFO: Run Behavior\ShowPageTraceBehavior [ RunTime:0.001836s ]
INFO: [ app_end ] --END-- [ RunTime:0.001936s ]

[ 2018-05-26T23:38:26+08:00 ] 127.0.0.1 /index.php/Admin/Index/home.html
INFO: [ app_init ] --START--
INFO: Run Behavior\BuildLiteBehavior [ RunTime:0.000025s ]
INFO: [ app_init ] --END-- [ RunTime:0.001019s ]
INFO: [ app_begin ] --START--
INFO: Run Behavior\ReadHtmlCacheBehavior [ RunTime:0.007259s ]
INFO: [ app_begin ] --END-- [ RunTime:0.007469s ]
INFO: [ view_parse ] --START--
INFO: [ template_filter ] --START--
INFO: Run Behavior\ContentReplaceBehavior [ RunTime:0.000142s ]
INFO: [ template_filter ] --END-- [ RunTime:0.000256s ]
INFO: Run Behavior\ParseTemplateBehavior [ RunTime:0.057450s ]
INFO: [ view_parse ] --END-- [ RunTime:0.057593s ]
INFO: [ view_filter ] --START--
INFO: Run Behavior\WriteHtmlCacheBehavior [ RunTime:0.001636s ]
INFO: [ view_filter ] --END-- [ RunTime:0.001738s ]
INFO: [ app_end ] --START--
INFO: Run Behavior\ShowPageTraceBehavior [ RunTime:0.002759s ]
INFO: [ app_end ] --END-- [ RunTime:0.002899s ]

[ 2018-05-26T23:38:27+08:00 ] 127.0.0.1 /index.php/Admin/Doc/showList.html
INFO: [ app_init ] --START--
INFO: Run Behavior\BuildLiteBehavior [ RunTime:0.000030s ]
INFO: [ app_init ] --END-- [ RunTime:0.001132s ]
INFO: [ app_begin ] --START--
INFO: Run Behavior\ReadHtmlCacheBehavior [ RunTime:0.002201s ]
INFO: [ app_begin ] --END-- [ RunTime:0.002362s ]
SQL: SHOW COLUMNS FROM `oa_doc` [ RunTime:0.0009s ]
SQL: SELECT * FROM `oa_doc`  [ RunTime:0.0033s ]
NOTIC: [8] Use of undefined constant data - assumed 'data' D:\wamp64\www\0516\Application\Admin\Controller\DocController.class.php 第 28 行.
INFO: [ view_parse ] --START--
INFO: [ template_filter ] --START--
INFO: Run Behavior\ContentReplaceBehavior [ RunTime:0.000093s ]
INFO: [ template_filter ] --END-- [ RunTime:0.000197s ]
NOTIC: [8] Undefined variable: page D:\wamp64\www\0516\Application\Runtime\Cache\Admin\2c38740596d6894476ac56ac9534de93.php 第 98 行.
NOTIC: [8] Undefined variable: count D:\wamp64\www\0516\Application\Runtime\Cache\Admin\2c38740596d6894476ac56ac9534de93.php 第 100 行.
INFO: Run Behavior\ParseTemplateBehavior [ RunTime:0.046232s ]
INFO: [ view_parse ] --END-- [ RunTime:0.046340s ]
INFO: [ view_filter ] --START--
INFO: Run Behavior\WriteHtmlCacheBehavior [ RunTime:0.001658s ]
INFO: [ view_filter ] --END-- [ RunTime:0.001754s ]
INFO: [ app_end ] --START--
INFO: Run Behavior\ShowPageTraceBehavior [ RunTime:0.002145s ]
INFO: [ app_end ] --END-- [ RunTime:0.002251s ]

[ 2018-05-26T23:38:29+08:00 ] 127.0.0.1 /index.php/Admin/Doc/showContent/id/8
INFO: [ app_init ] --START--
INFO: Run Behavior\BuildLiteBehavior [ RunTime:0.000023s ]
INFO: [ app_init ] --END-- [ RunTime:0.001248s ]
INFO: [ app_begin ] --START--
INFO: Run Behavior\ReadHtmlCacheBehavior [ RunTime:0.002643s ]
INFO: [ app_begin ] --END-- [ RunTime:0.002939s ]
SQL: SHOW COLUMNS FROM `oa_doc` [ RunTime:0.0009s ]
SQL: SELECT * FROM `oa_doc` WHERE `id` = 0 LIMIT 1   [ RunTime:0.0003s ]
NOTIC: [8] Use of undefined constant content - assumed 'content' D:\wamp64\www\0516\Application\Admin\Controller\DocController.class.php 第 47 行.
INFO: [ app_end ] --START--
INFO: Run Behavior\ShowPageTraceBehavior [ RunTime:0.001960s ]
INFO: [ app_end ] --END-- [ RunTime:0.002074s ]

[ 2018-05-26T23:38:34+08:00 ] 127.0.0.1 /index.php/Admin/Doc/showContent/id/8
INFO: [ app_init ] --START--
INFO: Run Behavior\BuildLiteBehavior [ RunTime:0.000031s ]
INFO: [ app_init ] --END-- [ RunTime:0.001216s ]
INFO: [ app_begin ] --START--
INFO: Run Behavior\ReadHtmlCacheBehavior [ RunTime:0.004423s ]
INFO: [ app_begin ] --END-- [ RunTime:0.004858s ]
SQL: SHOW COLUMNS FROM `oa_doc` [ RunTime:0.0021s ]
SQL: SELECT * FROM `oa_doc` WHERE `id` = 0 LIMIT 1   [ RunTime:0.0005s ]
NOTIC: [8] Use of undefined constant content - assumed 'content' D:\wamp64\www\0516\Application\Admin\Controller\DocController.class.php 第 47 行.
INFO: [ app_end ] --START--
INFO: Run Behavior\ShowPageTraceBehavior [ RunTime:0.002330s ]
INFO: [ app_end ] --END-- [ RunTime:0.002458s ]

[ 2018-05-26T23:38:38+08:00 ] 127.0.0.1 /index.php/Admin/Doc/add.html
INFO: [ app_init ] --START--
INFO: Run Behavior\BuildLiteBehavior [ RunTime:0.000021s ]
INFO: [ app_init ] --END-- [ RunTime:0.000902s ]
INFO: [ app_begin ] --START--
INFO: Run Behavior\ReadHtmlCacheBehavior [ RunTime:0.002330s ]
INFO: [ app_begin ] --END-- [ RunTime:0.002659s ]
INFO: [ view_parse ] --START--
INFO: [ template_filter ] --START--
INFO: Run Behavior\ContentReplaceBehavior [ RunTime:0.000089s ]
INFO: [ template_filter ] --END-- [ RunTime:0.000208s ]
INFO: Run Behavior\ParseTemplateBehavior [ RunTime:0.048030s ]
INFO: [ view_parse ] --END-- [ RunTime:0.048178s ]
INFO: [ view_filter ] --START--
INFO: Run Behavior\WriteHtmlCacheBehavior [ RunTime:0.001858s ]
INFO: [ view_filter ] --END-- [ RunTime:0.002067s ]
INFO: [ app_end ] --START--
INFO: Run Behavior\ShowPageTraceBehavior [ RunTime:0.002240s ]
INFO: [ app_end ] --END-- [ RunTime:0.002381s ]

[ 2018-05-26T23:38:50+08:00 ] 127.0.0.1 /index.php/Admin/Doc/add.html
INFO: [ app_init ] --START--
INFO: Run Behavior\BuildLiteBehavior [ RunTime:0.000024s ]
INFO: [ app_init ] --END-- [ RunTime:0.000923s ]
INFO: [ app_begin ] --START--
INFO: Run Behavior\ReadHtmlCacheBehavior [ RunTime:0.002059s ]
INFO: [ app_begin ] --END-- [ RunTime:0.002218s ]
SQL: SHOW COLUMNS FROM `oa_doc` [ RunTime:0.0007s ]
NOTIC: [8] Use of undefined constant size - assumed 'size' D:\wamp64\www\0516\Application\Admin\Model\DocModel.class.php 第 7 行.
SQL: INSERT INTO `oa_doc` (`title`,`author`,`content`) VALUES ('ttftftt','trtrtrtrt','&lt;p&gt;hghgfhfg奖金的防静电&lt;/p&gt;') [ RunTime:0.0007s ]
INFO: [ view_parse ] --START--
INFO: [ template_filter ] --START--
INFO: Run Behavior\ContentReplaceBehavior [ RunTime:0.000080s ]
INFO: [ template_filter ] --END-- [ RunTime:0.000204s ]
INFO: Run Behavior\ParseTemplateBehavior [ RunTime:0.044740s ]
INFO: [ view_parse ] --END-- [ RunTime:0.044906s ]
INFO: [ view_filter ] --START--
INFO: Run Behavior\WriteHtmlCacheBehavior [ RunTime:0.001676s ]
INFO: [ view_filter ] --END-- [ RunTime:0.001793s ]
INFO: [ app_end ] --START--
INFO: Run Behavior\ShowPageTraceBehavior [ RunTime:0.001732s ]
INFO: [ app_end ] --END-- [ RunTime:0.001836s ]

[ 2018-05-26T23:38:51+08:00 ] 127.0.0.1 /index.php/Admin/Doc/showlist.html
INFO: [ app_init ] --START--
INFO: Run Behavior\BuildLiteBehavior [ RunTime:0.000030s ]
INFO: [ app_init ] --END-- [ RunTime:0.001272s ]
INFO: [ app_begin ] --START--
INFO: Run Behavior\ReadHtmlCacheBehavior [ RunTime:0.001798s ]
INFO: [ app_begin ] --END-- [ RunTime:0.001907s ]
SQL: SHOW COLUMNS FROM `oa_doc` [ RunTime:0.0009s ]
SQL: SELECT * FROM `oa_doc`  [ RunTime:0.0062s ]
NOTIC: [8] Use of undefined constant data - assumed 'data' D:\wamp64\www\0516\Application\Admin\Controller\DocController.class.php 第 28 行.
INFO: [ view_parse ] --START--
INFO: [ template_filter ] --START--
INFO: Run Behavior\ContentReplaceBehavior [ RunTime:0.000195s ]
INFO: [ template_filter ] --END-- [ RunTime:0.000411s ]
NOTIC: [8] Undefined variable: page D:\wamp64\www\0516\Application\Runtime\Cache\Admin\2b8bd6a137e6fcf3d2e13de8e04dab1e.php 第 98 行.
NOTIC: [8] Undefined variable: count D:\wamp64\www\0516\Application\Runtime\Cache\Admin\2b8bd6a137e6fcf3d2e13de8e04dab1e.php 第 100 行.
INFO: Run Behavior\ParseTemplateBehavior [ RunTime:0.017778s ]
INFO: [ view_parse ] --END-- [ RunTime:0.017881s ]
INFO: [ view_filter ] --START--
INFO: Run Behavior\WriteHtmlCacheBehavior [ RunTime:0.001892s ]
INFO: [ view_filter ] --END-- [ RunTime:0.002025s ]
INFO: [ app_end ] --START--
INFO: Run Behavior\ShowPageTraceBehavior [ RunTime:0.001806s ]
INFO: [ app_end ] --END-- [ RunTime:0.001909s ]

[ 2018-05-26T23:38:55+08:00 ] 127.0.0.1 /index.php/Admin/Doc/download/id/9
INFO: [ app_init ] --START--
INFO: Run Behavior\BuildLiteBehavior [ RunTime:0.000040s ]
INFO: [ app_init ] --END-- [ RunTime:0.002057s ]
INFO: [ app_begin ] --START--
INFO: Run Behavior\ReadHtmlCacheBehavior [ RunTime:0.001736s ]
INFO: [ app_begin ] --END-- [ RunTime:0.001886s ]
SQL: SHOW COLUMNS FROM `oa_doc` [ RunTime:0.0011s ]
SQL: SELECT * FROM `oa_doc` WHERE `id` = 9 LIMIT 1   [ RunTime:0.0003s ]
NOTIC: [8] Use of undefined constant filepath - assumed 'filepath' D:\wamp64\www\0516\Application\Admin\Controller\DocController.class.php 第 37 行.
NOTIC: [2] readfile(D:/wamp64/www/0516): failed to open stream: Permission denied D:\wamp64\www\0516\Application\Admin\Controller\DocController.class.php 第 41 行.
INFO: [ app_end ] --START--
INFO: Run Behavior\ShowPageTraceBehavior [ RunTime:0.001762s ]
INFO: [ app_end ] --END-- [ RunTime:0.001875s ]

[ 2018-05-26T23:39:09+08:00 ] 127.0.0.1 /index.php/Admin/Doc/showContent/id/9
INFO: [ app_init ] --START--
INFO: Run Behavior\BuildLiteBehavior [ RunTime:0.000034s ]
INFO: [ app_init ] --END-- [ RunTime:0.001338s ]
INFO: [ app_begin ] --START--
INFO: Run Behavior\ReadHtmlCacheBehavior [ RunTime:0.003112s ]
INFO: [ app_begin ] --END-- [ RunTime:0.003307s ]
SQL: SHOW COLUMNS FROM `oa_doc` [ RunTime:0.0010s ]
SQL: SELECT * FROM `oa_doc` WHERE `id` = 0 LIMIT 1   [ RunTime:0.0007s ]
NOTIC: [8] Use of undefined constant content - assumed 'content' D:\wamp64\www\0516\Application\Admin\Controller\DocController.class.php 第 47 行.
INFO: [ app_end ] --START--
INFO: Run Behavior\ShowPageTraceBehavior [ RunTime:0.003328s ]
INFO: [ app_end ] --END-- [ RunTime:0.003538s ]

[ 2018-05-26T23:39:34+08:00 ] 127.0.0.1 /index.php/Admin/Doc/showlist.html
INFO: [ app_init ] --START--
INFO: Run Behavior\BuildLiteBehavior [ RunTime:0.000022s ]
INFO: [ app_init ] --END-- [ RunTime:0.000900s ]
INFO: [ app_begin ] --START--
INFO: Run Behavior\ReadHtmlCacheBehavior [ RunTime:0.001732s ]
INFO: [ app_begin ] --END-- [ RunTime:0.001841s ]
SQL: SHOW COLUMNS FROM `oa_doc` [ RunTime:0.0006s ]
SQL: SELECT * FROM `oa_doc`  [ RunTime:0.0004s ]
NOTIC: [8] Use of undefined constant data - assumed 'data' D:\wamp64\www\0516\Application\Admin\Controller\DocController.class.php 第 28 行.
INFO: [ view_parse ] --START--
INFO: [ template_filter ] --START--
INFO: Run Behavior\ContentReplaceBehavior [ RunTime:0.000107s ]
INFO: [ template_filter ] --END-- [ RunTime:0.000221s ]
NOTIC: [8] Undefined variable: page D:\wamp64\www\0516\Application\Runtime\Cache\Admin\2b8bd6a137e6fcf3d2e13de8e04dab1e.php 第 98 行.
NOTIC: [8] Undefined variable: count D:\wamp64\www\0516\Application\Runtime\Cache\Admin\2b8bd6a137e6fcf3d2e13de8e04dab1e.php 第 100 行.
INFO: Run Behavior\ParseTemplateBehavior [ RunTime:0.016178s ]
INFO: [ view_parse ] --END-- [ RunTime:0.016279s ]
INFO: [ view_filter ] --START--
INFO: Run Behavior\WriteHtmlCacheBehavior [ RunTime:0.001552s ]
INFO: [ view_filter ] --END-- [ RunTime:0.001696s ]
INFO: [ app_end ] --START--
INFO: Run Behavior\ShowPageTraceBehavior [ RunTime:0.001851s ]
INFO: [ app_end ] --END-- [ RunTime:0.001950s ]

[ 2018-05-26T23:39:36+08:00 ] 127.0.0.1 /index.php/Admin/Doc/showContent/id/8
INFO: [ app_init ] --START--
INFO: Run Behavior\BuildLiteBehavior [ RunTime:0.000023s ]
INFO: [ app_init ] --END-- [ RunTime:0.001009s ]
INFO: [ app_begin ] --START--
INFO: Run Behavior\ReadHtmlCacheBehavior [ RunTime:0.001785s ]
INFO: [ app_begin ] --END-- [ RunTime:0.001902s ]
SQL: SHOW COLUMNS FROM `oa_doc` [ RunTime:0.0023s ]
SQL: SELECT * FROM `oa_doc` WHERE `id` = 0 LIMIT 1   [ RunTime:0.0012s ]
NOTIC: [8] Use of undefined constant content - assumed 'content' D:\wamp64\www\0516\Application\Admin\Controller\DocController.class.php 第 47 行.
INFO: [ app_end ] --START--
INFO: Run Behavior\ShowPageTraceBehavior [ RunTime:0.006164s ]
INFO: [ app_end ] --END-- [ RunTime:0.006285s ]

[ 2018-05-26T23:40:46+08:00 ] 127.0.0.1 /admin
INFO: [ app_init ] --START--
INFO: Run Behavior\BuildLiteBehavior [ RunTime:0.000029s ]
INFO: [ app_init ] --END-- [ RunTime:0.001177s ]
INFO: [ app_begin ] --START--
INFO: Run Behavior\ReadHtmlCacheBehavior [ RunTime:0.001694s ]
INFO: [ app_begin ] --END-- [ RunTime:0.001838s ]
INFO: [ view_parse ] --START--
INFO: [ template_filter ] --START--
INFO: Run Behavior\ContentReplaceBehavior [ RunTime:0.000126s ]
INFO: [ template_filter ] --END-- [ RunTime:0.000290s ]
INFO: Run Behavior\ParseTemplateBehavior [ RunTime:0.017545s ]
INFO: [ view_parse ] --END-- [ RunTime:0.017700s ]
INFO: [ view_filter ] --START--
INFO: Run Behavior\WriteHtmlCacheBehavior [ RunTime:0.003812s ]
INFO: [ view_filter ] --END-- [ RunTime:0.003990s ]
INFO: [ app_end ] --START--
INFO: Run Behavior\ShowPageTraceBehavior [ RunTime:0.003465s ]
INFO: [ app_end ] --END-- [ RunTime:0.003697s ]

[ 2018-05-26T23:40:46+08:00 ] 127.0.0.1 /index.php/Admin/Index/home.html
INFO: [ app_init ] --START--
INFO: Run Behavior\BuildLiteBehavior [ RunTime:0.000027s ]
INFO: [ app_init ] --END-- [ RunTime:0.001225s ]
INFO: [ app_begin ] --START--
INFO: Run Behavior\ReadHtmlCacheBehavior [ RunTime:0.005267s ]
INFO: [ app_begin ] --END-- [ RunTime:0.006376s ]
INFO: [ view_parse ] --START--
INFO: [ template_filter ] --START--
INFO: Run Behavior\ContentReplaceBehavior [ RunTime:0.000177s ]
INFO: [ template_filter ] --END-- [ RunTime:0.000343s ]
INFO: Run Behavior\ParseTemplateBehavior [ RunTime:0.058004s ]
INFO: [ view_parse ] --END-- [ RunTime:0.058187s ]
INFO: [ view_filter ] --START--
INFO: Run Behavior\WriteHtmlCacheBehavior [ RunTime:0.001807s ]
INFO: [ view_filter ] --END-- [ RunTime:0.001911s ]
INFO: [ app_end ] --START--
INFO: Run Behavior\ShowPageTraceBehavior [ RunTime:0.002854s ]
INFO: [ app_end ] --END-- [ RunTime:0.003014s ]

[ 2018-05-26T23:40:48+08:00 ] 127.0.0.1 /index.php/Admin/Doc/showList.html
INFO: [ app_init ] --START--
INFO: Run Behavior\BuildLiteBehavior [ RunTime:0.000021s ]
INFO: [ app_init ] --END-- [ RunTime:0.000893s ]
INFO: [ app_begin ] --START--
INFO: Run Behavior\ReadHtmlCacheBehavior [ RunTime:0.001811s ]
INFO: [ app_begin ] --END-- [ RunTime:0.001975s ]
SQL: SHOW COLUMNS FROM `oa_doc` [ RunTime:0.0011s ]
SQL: SELECT * FROM `oa_doc`  [ RunTime:0.0004s ]
NOTIC: [8] Use of undefined constant data - assumed 'data' D:\wamp64\www\0516\Application\Admin\Controller\DocController.class.php 第 28 行.
INFO: [ view_parse ] --START--
INFO: [ template_filter ] --START--
INFO: Run Behavior\ContentReplaceBehavior [ RunTime:0.000147s ]
INFO: [ template_filter ] --END-- [ RunTime:0.000257s ]
NOTIC: [8] Undefined index: name D:\wamp64\www\0516\Application\Runtime\Cache\Admin\2c38740596d6894476ac56ac9534de93.php 第 87 行.
NOTIC: [8] Undefined index: name D:\wamp64\www\0516\Application\Runtime\Cache\Admin\2c38740596d6894476ac56ac9534de93.php 第 87 行.
NOTIC: [8] Undefined variable: page D:\wamp64\www\0516\Application\Runtime\Cache\Admin\2c38740596d6894476ac56ac9534de93.php 第 98 行.
NOTIC: [8] Undefined variable: count D:\wamp64\www\0516\Application\Runtime\Cache\Admin\2c38740596d6894476ac56ac9534de93.php 第 100 行.
INFO: Run Behavior\ParseTemplateBehavior [ RunTime:0.041689s ]
INFO: [ view_parse ] --END-- [ RunTime:0.041794s ]
INFO: [ view_filter ] --START--
INFO: Run Behavior\WriteHtmlCacheBehavior [ RunTime:0.001588s ]
INFO: [ view_filter ] --END-- [ RunTime:0.001722s ]
INFO: [ app_end ] --START--
INFO: Run Behavior\ShowPageTraceBehavior [ RunTime:0.002097s ]
INFO: [ app_end ] --END-- [ RunTime:0.002208s ]

[ 2018-05-26T23:41:33+08:00 ] 127.0.0.1 /admin
INFO: [ app_init ] --START--
INFO: Run Behavior\BuildLiteBehavior [ RunTime:0.000024s ]
INFO: [ app_init ] --END-- [ RunTime:0.001245s ]
INFO: [ app_begin ] --START--
INFO: Run Behavior\ReadHtmlCacheBehavior [ RunTime:0.002056s ]
INFO: [ app_begin ] --END-- [ RunTime:0.002175s ]
INFO: [ view_parse ] --START--
INFO: [ template_filter ] --START--
INFO: Run Behavior\ContentReplaceBehavior [ RunTime:0.000121s ]
INFO: [ template_filter ] --END-- [ RunTime:0.000235s ]
INFO: Run Behavior\ParseTemplateBehavior [ RunTime:0.018112s ]
INFO: [ view_parse ] --END-- [ RunTime:0.018238s ]
INFO: [ view_filter ] --START--
INFO: Run Behavior\WriteHtmlCacheBehavior [ RunTime:0.001694s ]
INFO: [ view_filter ] --END-- [ RunTime:0.001812s ]
INFO: [ app_end ] --START--
INFO: Run Behavior\ShowPageTraceBehavior [ RunTime:0.001783s ]
INFO: [ app_end ] --END-- [ RunTime:0.001887s ]

[ 2018-05-26T23:41:33+08:00 ] 127.0.0.1 /index.php/Admin/Index/home.html
INFO: [ app_init ] --START--
INFO: Run Behavior\BuildLiteBehavior [ RunTime:0.000027s ]
INFO: [ app_init ] --END-- [ RunTime:0.001017s ]
INFO: [ app_begin ] --START--
INFO: Run Behavior\ReadHtmlCacheBehavior [ RunTime:0.002882s ]
INFO: [ app_begin ] --END-- [ RunTime:0.003053s ]
INFO: [ view_parse ] --START--
INFO: [ template_filter ] --START--
INFO: Run Behavior\ContentReplaceBehavior [ RunTime:0.000189s ]
INFO: [ template_filter ] --END-- [ RunTime:0.000325s ]
INFO: Run Behavior\ParseTemplateBehavior [ RunTime:0.054939s ]
INFO: [ view_parse ] --END-- [ RunTime:0.055162s ]
INFO: [ view_filter ] --START--
INFO: Run Behavior\WriteHtmlCacheBehavior [ RunTime:0.002421s ]
INFO: [ view_filter ] --END-- [ RunTime:0.002561s ]
INFO: [ app_end ] --START--
INFO: Run Behavior\ShowPageTraceBehavior [ RunTime:0.004011s ]
INFO: [ app_end ] --END-- [ RunTime:0.004162s ]

[ 2018-05-26T23:41:35+08:00 ] 127.0.0.1 /index.php/Admin/Doc/showList.html
INFO: [ app_init ] --START--
INFO: Run Behavior\BuildLiteBehavior [ RunTime:0.000023s ]
INFO: [ app_init ] --END-- [ RunTime:0.001009s ]
INFO: [ app_begin ] --START--
INFO: Run Behavior\ReadHtmlCacheBehavior [ RunTime:0.001742s ]
INFO: [ app_begin ] --END-- [ RunTime:0.001868s ]
SQL: SHOW COLUMNS FROM `oa_doc` [ RunTime:0.0007s ]
SQL: SELECT * FROM `oa_doc`  [ RunTime:0.0004s ]
NOTIC: [8] Use of undefined constant data - assumed 'data' D:\wamp64\www\0516\Application\Admin\Controller\DocController.class.php 第 28 行.
INFO: [ view_parse ] --START--
INFO: [ template_filter ] --START--
INFO: Run Behavior\ContentReplaceBehavior [ RunTime:0.000093s ]
INFO: [ template_filter ] --END-- [ RunTime:0.000220s ]
NOTIC: [8] Undefined variable: page D:\wamp64\www\0516\Application\Runtime\Cache\Admin\2c38740596d6894476ac56ac9534de93.php 第 98 行.
NOTIC: [8] Undefined variable: count D:\wamp64\www\0516\Application\Runtime\Cache\Admin\2c38740596d6894476ac56ac9534de93.php 第 100 行.
INFO: Run Behavior\ParseTemplateBehavior [ RunTime:0.044505s ]
INFO: [ view_parse ] --END-- [ RunTime:0.044608s ]
INFO: [ view_filter ] --START--
INFO: Run Behavior\WriteHtmlCacheBehavior [ RunTime:0.001560s ]
INFO: [ view_filter ] --END-- [ RunTime:0.001675s ]
INFO: [ app_end ] --START--
INFO: Run Behavior\ShowPageTraceBehavior [ RunTime:0.001728s ]
INFO: [ app_end ] --END-- [ RunTime:0.001826s ]

[ 2018-05-26T23:41:37+08:00 ] 127.0.0.1 /index.php/Admin/Doc/showContent/id/8
INFO: [ app_init ] --START--
INFO: Run Behavior\BuildLiteBehavior [ RunTime:0.000059s ]
INFO: [ app_init ] --END-- [ RunTime:0.001416s ]
INFO: [ app_begin ] --START--
INFO: Run Behavior\ReadHtmlCacheBehavior [ RunTime:0.001833s ]
INFO: [ app_begin ] --END-- [ RunTime:0.001951s ]
SQL: SHOW COLUMNS FROM `oa_doc` [ RunTime:0.0018s ]
SQL: SELECT * FROM `oa_doc` WHERE `id` = 0 LIMIT 1   [ RunTime:0.0004s ]
NOTIC: [8] Use of undefined constant content - assumed 'content' D:\wamp64\www\0516\Application\Admin\Controller\DocController.class.php 第 47 行.
INFO: [ app_end ] --START--
INFO: Run Behavior\ShowPageTraceBehavior [ RunTime:0.002706s ]
INFO: [ app_end ] --END-- [ RunTime:0.002899s ]

[ 2018-05-26T23:42:11+08:00 ] 127.0.0.1 /index.php/Admin/Doc/showList.html
INFO: [ app_init ] --START--
INFO: Run Behavior\BuildLiteBehavior [ RunTime:0.000022s ]
INFO: [ app_init ] --END-- [ RunTime:0.000870s ]
INFO: [ app_begin ] --START--
INFO: Run Behavior\ReadHtmlCacheBehavior [ RunTime:0.001718s ]
INFO: [ app_begin ] --END-- [ RunTime:0.001823s ]
SQL: SHOW COLUMNS FROM `oa_doc` [ RunTime:0.0014s ]
SQL: SELECT * FROM `oa_doc`  [ RunTime:0.0003s ]
NOTIC: [8] Use of undefined constant data - assumed 'data' D:\wamp64\www\0516\Application\Admin\Controller\DocController.class.php 第 28 行.
INFO: [ view_parse ] --START--
INFO: [ template_filter ] --START--
INFO: Run Behavior\ContentReplaceBehavior [ RunTime:0.000106s ]
INFO: [ template_filter ] --END-- [ RunTime:0.000225s ]
NOTIC: [8] Undefined variable: page D:\wamp64\www\0516\Application\Runtime\Cache\Admin\2c38740596d6894476ac56ac9534de93.php 第 98 行.
NOTIC: [8] Undefined variable: count D:\wamp64\www\0516\Application\Runtime\Cache\Admin\2c38740596d6894476ac56ac9534de93.php 第 100 行.
INFO: Run Behavior\ParseTemplateBehavior [ RunTime:0.018594s ]
INFO: [ view_parse ] --END-- [ RunTime:0.018700s ]
INFO: [ view_filter ] --START--
INFO: Run Behavior\WriteHtmlCacheBehavior [ RunTime:0.001633s ]
INFO: [ view_filter ] --END-- [ RunTime:0.001767s ]
INFO: [ app_end ] --START--
INFO: Run Behavior\ShowPageTraceBehavior [ RunTime:0.001751s ]
INFO: [ app_end ] --END-- [ RunTime:0.001853s ]

[ 2018-05-26T23:42:12+08:00 ] 127.0.0.1 /index.php/Admin/Doc/showContent/id/8
INFO: [ app_init ] --START--
INFO: Run Behavior\BuildLiteBehavior [ RunTime:0.000025s ]
INFO: [ app_init ] --END-- [ RunTime:0.001071s ]
INFO: [ app_begin ] --START--
INFO: Run Behavior\ReadHtmlCacheBehavior [ RunTime:0.001763s ]
INFO: [ app_begin ] --END-- [ RunTime:0.001883s ]
SQL: SHOW COLUMNS FROM `oa_doc` [ RunTime:0.0009s ]
SQL: SELECT * FROM `oa_doc` WHERE `id` = 0 LIMIT 1   [ RunTime:0.0004s ]
INFO: [ app_end ] --START--
INFO: Run Behavior\ShowPageTraceBehavior [ RunTime:0.002046s ]
INFO: [ app_end ] --END-- [ RunTime:0.002153s ]

[ 2018-05-26T23:43:33+08:00 ] 127.0.0.1 /admin
INFO: [ app_init ] --START--
INFO: Run Behavior\BuildLiteBehavior [ RunTime:0.000027s ]
INFO: [ app_init ] --END-- [ RunTime:0.002116s ]
INFO: [ app_begin ] --START--
INFO: Run Behavior\ReadHtmlCacheBehavior [ RunTime:0.002023s ]
INFO: [ app_begin ] --END-- [ RunTime:0.002138s ]
INFO: [ view_parse ] --START--
INFO: [ template_filter ] --START--
INFO: Run Behavior\ContentReplaceBehavior [ RunTime:0.000100s ]
INFO: [ template_filter ] --END-- [ RunTime:0.000210s ]
INFO: Run Behavior\ParseTemplateBehavior [ RunTime:0.016070s ]
INFO: [ view_parse ] --END-- [ RunTime:0.016186s ]
INFO: [ view_filter ] --START--
INFO: Run Behavior\WriteHtmlCacheBehavior [ RunTime:0.001664s ]
INFO: [ view_filter ] --END-- [ RunTime:0.001762s ]
INFO: [ app_end ] --START--
INFO: Run Behavior\ShowPageTraceBehavior [ RunTime:0.001918s ]
INFO: [ app_end ] --END-- [ RunTime:0.002031s ]

[ 2018-05-26T23:43:33+08:00 ] 127.0.0.1 /index.php/Admin/Index/home.html
INFO: [ app_init ] --START--
INFO: Run Behavior\BuildLiteBehavior [ RunTime:0.000026s ]
INFO: [ app_init ] --END-- [ RunTime:0.001085s ]
INFO: [ app_begin ] --START--
INFO: Run Behavior\ReadHtmlCacheBehavior [ RunTime:0.001926s ]
INFO: [ app_begin ] --END-- [ RunTime:0.002071s ]
INFO: [ view_parse ] --START--
INFO: [ template_filter ] --START--
INFO: Run Behavior\ContentReplaceBehavior [ RunTime:0.000827s ]
INFO: [ template_filter ] --END-- [ RunTime:0.001268s ]
INFO: Run Behavior\ParseTemplateBehavior [ RunTime:0.059060s ]
INFO: [ view_parse ] --END-- [ RunTime:0.059221s ]
INFO: [ view_filter ] --START--
INFO: Run Behavior\WriteHtmlCacheBehavior [ RunTime:0.001598s ]
INFO: [ view_filter ] --END-- [ RunTime:0.001760s ]
INFO: [ app_end ] --START--
INFO: Run Behavior\ShowPageTraceBehavior [ RunTime:0.004152s ]
INFO: [ app_end ] --END-- [ RunTime:0.004396s ]

[ 2018-05-26T23:43:35+08:00 ] 127.0.0.1 /index.php/Admin/Doc/showList.html
INFO: [ app_init ] --START--
INFO: Run Behavior\BuildLiteBehavior [ RunTime:0.000030s ]
INFO: [ app_init ] --END-- [ RunTime:0.001142s ]
INFO: [ app_begin ] --START--
INFO: Run Behavior\ReadHtmlCacheBehavior [ RunTime:0.001692s ]
INFO: [ app_begin ] --END-- [ RunTime:0.001803s ]
SQL: SHOW COLUMNS FROM `oa_doc` [ RunTime:0.0014s ]
SQL: SELECT * FROM `oa_doc`  [ RunTime:0.0003s ]
NOTIC: [8] Use of undefined constant data - assumed 'data' D:\wamp64\www\0516\Application\Admin\Controller\DocController.class.php 第 28 行.
INFO: [ view_parse ] --START--
INFO: [ template_filter ] --START--
INFO: Run Behavior\ContentReplaceBehavior [ RunTime:0.000152s ]
INFO: [ template_filter ] --END-- [ RunTime:0.000266s ]
NOTIC: [8] Undefined variable: page D:\wamp64\www\0516\Application\Runtime\Cache\Admin\2c38740596d6894476ac56ac9534de93.php 第 98 行.
NOTIC: [8] Undefined variable: count D:\wamp64\www\0516\Application\Runtime\Cache\Admin\2c38740596d6894476ac56ac9534de93.php 第 100 行.
INFO: Run Behavior\ParseTemplateBehavior [ RunTime:0.016317s ]
INFO: [ view_parse ] --END-- [ RunTime:0.016431s ]
INFO: [ view_filter ] --START--
INFO: Run Behavior\WriteHtmlCacheBehavior [ RunTime:0.001825s ]
INFO: [ view_filter ] --END-- [ RunTime:0.001926s ]
INFO: [ app_end ] --START--
INFO: Run Behavior\ShowPageTraceBehavior [ RunTime:0.001832s ]
INFO: [ app_end ] --END-- [ RunTime:0.001931s ]

[ 2018-05-26T23:43:36+08:00 ] 127.0.0.1 /index.php/Admin/Doc/showContent/id/8
INFO: [ app_init ] --START--
INFO: Run Behavior\BuildLiteBehavior [ RunTime:0.000037s ]
INFO: [ app_init ] --END-- [ RunTime:0.001398s ]
INFO: [ app_begin ] --START--
INFO: Run Behavior\ReadHtmlCacheBehavior [ RunTime:0.001689s ]
INFO: [ app_begin ] --END-- [ RunTime:0.001803s ]
SQL: SHOW COLUMNS FROM `oa_doc` [ RunTime:0.0014s ]
SQL: SELECT * FROM `oa_doc` WHERE `id` = 0 LIMIT 1   [ RunTime:0.0089s ]
INFO: [ app_end ] --START--
INFO: Run Behavior\ShowPageTraceBehavior [ RunTime:0.002327s ]
INFO: [ app_end ] --END-- [ RunTime:0.002515s ]

[ 2018-05-26T23:44:27+08:00 ] 127.0.0.1 /index.php/Admin/Doc/showList.html
INFO: [ app_init ] --START--
INFO: Run Behavior\BuildLiteBehavior [ RunTime:0.000022s ]
INFO: [ app_init ] --END-- [ RunTime:0.000935s ]
INFO: [ app_begin ] --START--
INFO: Run Behavior\ReadHtmlCacheBehavior [ RunTime:0.001974s ]
INFO: [ app_begin ] --END-- [ RunTime:0.002079s ]
SQL: SHOW COLUMNS FROM `oa_doc` [ RunTime:0.0006s ]
SQL: SELECT * FROM `oa_doc`  [ RunTime:0.0003s ]
NOTIC: [8] Use of undefined constant data - assumed 'data' D:\wamp64\www\0516\Application\Admin\Controller\DocController.class.php 第 28 行.
INFO: [ view_parse ] --START--
INFO: [ template_filter ] --START--
INFO: Run Behavior\ContentReplaceBehavior [ RunTime:0.000098s ]
INFO: [ template_filter ] --END-- [ RunTime:0.000204s ]
NOTIC: [8] Undefined variable: page D:\wamp64\www\0516\Application\Runtime\Cache\Admin\2c38740596d6894476ac56ac9534de93.php 第 98 行.
NOTIC: [8] Undefined variable: count D:\wamp64\www\0516\Application\Runtime\Cache\Admin\2c38740596d6894476ac56ac9534de93.php 第 100 行.
INFO: Run Behavior\ParseTemplateBehavior [ RunTime:0.016734s ]
INFO: [ view_parse ] --END-- [ RunTime:0.016839s ]
INFO: [ view_filter ] --START--
INFO: Run Behavior\WriteHtmlCacheBehavior [ RunTime:0.001592s ]
INFO: [ view_filter ] --END-- [ RunTime:0.001687s ]
INFO: [ app_end ] --START--
INFO: Run Behavior\ShowPageTraceBehavior [ RunTime:0.001901s ]
INFO: [ app_end ] --END-- [ RunTime:0.002020s ]

[ 2018-05-26T23:44:28+08:00 ] 127.0.0.1 /index.php/Admin/Doc/showContent/id/8
INFO: [ app_init ] --START--
INFO: Run Behavior\BuildLiteBehavior [ RunTime:0.000164s ]
INFO: [ app_init ] --END-- [ RunTime:0.001988s ]
INFO: [ app_begin ] --START--
INFO: Run Behavior\ReadHtmlCacheBehavior [ RunTime:0.003115s ]
INFO: [ app_begin ] --END-- [ RunTime:0.003702s ]

[ 2018-05-26T23:44:49+08:00 ] 127.0.0.1 /index.php/Admin/Doc/showList.html
INFO: [ app_init ] --START--
INFO: Run Behavior\BuildLiteBehavior [ RunTime:0.000029s ]
INFO: [ app_init ] --END-- [ RunTime:0.001464s ]
INFO: [ app_begin ] --START--
INFO: Run Behavior\ReadHtmlCacheBehavior [ RunTime:0.001718s ]
INFO: [ app_begin ] --END-- [ RunTime:0.001836s ]
SQL: SHOW COLUMNS FROM `oa_doc` [ RunTime:0.0007s ]
SQL: SELECT * FROM `oa_doc`  [ RunTime:0.0003s ]
NOTIC: [8] Use of undefined constant data - assumed 'data' D:\wamp64\www\0516\Application\Admin\Controller\DocController.class.php 第 28 行.
INFO: [ view_parse ] --START--
INFO: [ template_filter ] --START--
INFO: Run Behavior\ContentReplaceBehavior [ RunTime:0.000100s ]
INFO: [ template_filter ] --END-- [ RunTime:0.000205s ]
NOTIC: [8] Undefined variable: page D:\wamp64\www\0516\Application\Runtime\Cache\Admin\2c38740596d6894476ac56ac9534de93.php 第 98 行.
NOTIC: [8] Undefined variable: count D:\wamp64\www\0516\Application\Runtime\Cache\Admin\2c38740596d6894476ac56ac9534de93.php 第 100 行.
INFO: Run Behavior\ParseTemplateBehavior [ RunTime:0.025035s ]
INFO: [ view_parse ] --END-- [ RunTime:0.025137s ]
INFO: [ view_filter ] --START--
INFO: Run Behavior\WriteHtmlCacheBehavior [ RunTime:0.002008s ]
INFO: [ view_filter ] --END-- [ RunTime:0.002119s ]
INFO: [ app_end ] --START--
INFO: Run Behavior\ShowPageTraceBehavior [ RunTime:0.002315s ]
INFO: [ app_end ] --END-- [ RunTime:0.002472s ]

[ 2018-05-26T23:44:50+08:00 ] 127.0.0.1 /index.php/Admin/Doc/showContent/id/8
INFO: [ app_init ] --START--
INFO: Run Behavior\BuildLiteBehavior [ RunTime:0.000024s ]
INFO: [ app_init ] --END-- [ RunTime:0.001040s ]
INFO: [ app_begin ] --START--
INFO: Run Behavior\ReadHtmlCacheBehavior [ RunTime:0.003370s ]
INFO: [ app_begin ] --END-- [ RunTime:0.003580s ]
SQL: SHOW COLUMNS FROM `oa_doc` [ RunTime:0.0008s ]
SQL: SELECT * FROM `oa_doc` WHERE `id` = 8 LIMIT 1   [ RunTime:0.0007s ]
INFO: [ app_end ] --START--
INFO: Run Behavior\ShowPageTraceBehavior [ RunTime:0.007249s ]
INFO: [ app_end ] --END-- [ RunTime:0.007521s ]

[ 2018-05-26T23:44:53+08:00 ] 127.0.0.1 /index.php/Admin/Doc/showContent/id/9
INFO: [ app_init ] --START--
INFO: Run Behavior\BuildLiteBehavior [ RunTime:0.000033s ]
INFO: [ app_init ] --END-- [ RunTime:0.001154s ]
INFO: [ app_begin ] --START--
INFO: Run Behavior\ReadHtmlCacheBehavior [ RunTime:0.002951s ]
INFO: [ app_begin ] --END-- [ RunTime:0.003180s ]
SQL: SHOW COLUMNS FROM `oa_doc` [ RunTime:0.0007s ]
SQL: SELECT * FROM `oa_doc` WHERE `id` = 9 LIMIT 1   [ RunTime:0.0004s ]
INFO: [ app_end ] --START--
INFO: Run Behavior\ShowPageTraceBehavior [ RunTime:0.010709s ]
INFO: [ app_end ] --END-- [ RunTime:0.010825s ]

